[      48ms] [ERROR] 🚨 [보안 경고] ... @ http://localhost:3000/js/main.js:27
[      52ms] [ERROR] Summary rendering failed: TypeError: Assignment to constant variable.
    at renderSummary (http://localhost:3000/js/ui.js:863:21)
    at renderFromData (http://localhost:3000/js/ui.js:502:7)
    at fetchData (http://localhost:3000/js/main.js:103:9)
    at HTMLDocument.<anonymous> (http://localhost:3000/js/main.js:72:3) @ http://localhost:3000/js/state.js:20
[      64ms] [ERROR] Holdings rendering failed: TypeError: Assignment to constant variable.
    at renderBubbleChart (http://localhost:3000/js/charts.js:642:15)
    at processHoldingsData (http://localhost:3000/js/ui.js:1021:3)
    at renderFromData (http://localhost:3000/js/ui.js:513:7)
    at fetchData (http://localhost:3000/js/main.js:103:9)
    at HTMLDocument.<anonymous> (http://localhost:3000/js/main.js:72:3) @ http://localhost:3000/js/state.js:20
[      98ms] [ERROR] History rendering failed: TypeError: Assignment to constant variable.
    at renderHistoryChartWithRange (http://localhost:3000/js/charts.js:476:16)
    at renderFromData (http://localhost:3000/js/ui.js:522:7)
    at fetchData (http://localhost:3000/js/main.js:103:9)
    at HTMLDocument.<anonymous> (http://localhost:3000/js/main.js:72:3) @ http://localhost:3000/js/state.js:20
[      99ms] Uncaught Error: Canvas is already in use. Chart with ID '1' must be destroyed before the canvas with ID 'historyChart' can be reused.
    at Tn (https://cdn.jsdelivr.net/npm/chart.js:12:90634)
    at renderHistoryChartWithRange (http://localhost:3000/js/charts.js:475:17)
    at refreshAllCharts (http://localhost:3000/js/charts.js:751:4)
    at applyTheme (http://localhost:3000/js/charts.js:823:4)
    at <anonymous> (http://localhost:3000/js/main.js:595:2)
[     579ms] [ERROR] Summary rendering failed: TypeError: Assignment to constant variable.
    at renderSummary (http://localhost:3000/js/ui.js:863:21)
    at renderFromData (http://localhost:3000/js/ui.js:502:7)
    at fetchData (http://localhost:3000/js/main.js:317:7) @ http://localhost:3000/js/state.js:20
[     583ms] [ERROR] Holdings rendering failed: Error: Canvas is already in use. Chart with ID '0' must be destroyed before the canvas with ID 'bubbleChart' can be reused.
    at new Tn (https://cdn.jsdelivr.net/npm/chart.js:13:90635)
    at renderBubbleChart (http://localhost:3000/js/charts.js:642:17)
    at processHoldingsData (http://localhost:3000/js/ui.js:1021:3)
    at renderFromData (http://localhost:3000/js/ui.js:513:7)
    at fetchData (http://localhost:3000/js/main.js:317:7) @ http://localhost:3000/js/state.js:20
[     584ms] [ERROR] History rendering failed: Error: Canvas is already in use. Chart with ID '1' must be destroyed before the canvas with ID 'historyChart' can be reused.
    at new Tn (https://cdn.jsdelivr.net/npm/chart.js:13:90635)
    at renderHistoryChartWithRange (http://localhost:3000/js/charts.js:476:18)
    at renderFromData (http://localhost:3000/js/ui.js:522:7)
    at fetchData (http://localhost:3000/js/main.js:317:7) @ http://localhost:3000/js/state.js:20
[   31518ms] [WARNING] [Fetch] GAS 프록시 실패, 공용 프록시 레이싱 전환: AbortError: signal is aborted without reason
    at http://localhost:3000/js/api.js:13:51 @ http://localhost:3000/js/state.js:19
[   31566ms] [ERROR] Failed to load resource: net::ERR_NAME_NOT_RESOLVED @ https://thingproxy.freeboard.io/fetch/https://query1.finance.yahoo.com/v8/finance/chart/ABBV?interval=1d&range=1d&_=1780069763208:0
[   32194ms] [ERROR] Failed to load resource: the server responded with a status of 400 () @ https://api.codetabs.com/v1/proxy/?url=https%3A%2F%2Fquery1.finance.yahoo.com%2Fv8%2Ffinance%2Fchart%2FABBV%3Finterval%3D1d%26range%3D1d%26_%3D1780069763208:0
[   35277ms] [WARNING] [Fetch] GAS 프록시 실패, 공용 프록시 레이싱 전환: AbortError: signal is aborted without reason
    at http://localhost:3000/js/api.js:13:51 @ http://localhost:3000/js/state.js:19
[   35279ms] [WARNING] [Fetch] GAS 프록시 실패, 공용 프록시 레이싱 전환: AbortError: signal is aborted without reason
    at http://localhost:3000/js/api.js:13:51 @ http://localhost:3000/js/state.js:19
[   35324ms] [ERROR] Failed to load resource: net::ERR_NAME_NOT_RESOLVED @ https://thingproxy.freeboard.io/fetch/https://query1.finance.yahoo.com/v8/finance/chart/086280.KS?interval=1d&range=1d&_=1780069766967:0
[   35324ms] [ERROR] Failed to load resource: net::ERR_NAME_NOT_RESOLVED @ https://thingproxy.freeboard.io/fetch/https://query1.finance.yahoo.com/v8/finance/chart/047050.KS?interval=1d&range=1d&_=1780069766967:0
[   35953ms] [ERROR] Failed to load resource: the server responded with a status of 400 () @ https://api.codetabs.com/v1/proxy/?url=https%3A%2F%2Fquery1.finance.yahoo.com%2Fv8%2Ffinance%2Fchart%2F086280.KS%3Finterval%3D1d%26range%3D1d%26_%3D1780069766967:0
[   36003ms] [ERROR] Failed to load resource: the server responded with a status of 400 () @ https://api.codetabs.com/v1/proxy/?url=https%3A%2F%2Fquery1.finance.yahoo.com%2Fv8%2Ffinance%2Fchart%2F047050.KS%3Finterval%3D1d%26range%3D1d%26_%3D1780069766967:0
[   37520ms] [ERROR] [Fetch] 모든 페치 경로가 실패했습니다. AggregateError: All promises were rejected @ http://localhost:3000/js/state.js:20
[   41281ms] [ERROR] [Fetch] 모든 페치 경로가 실패했습니다. AggregateError: All promises were rejected @ http://localhost:3000/js/state.js:20
[   41281ms] [ERROR] [Fetch] 모든 페치 경로가 실패했습니다. AggregateError: All promises were rejected @ http://localhost:3000/js/state.js:20
